<?xml version="1.0" encoding="UTF-8"?>
<!-- Generated by org.testng.reporters.JUnitReportReporter -->
<testsuite skipped="0" hostname="senthil-PC" name="testCases.ResizableTC_003" tests="1" failures="0" timestamp="2020-12-06T16:57:13 IST" time="16.275" errors="0">
  <testcase name="execDropFunc" time="16.275" classname="testCases.ResizableTC_003"/>
  <system-out/>
</testsuite> <!-- testCases.ResizableTC_003 -->
