<?xml version="1.0" encoding="UTF-8"?>
<!-- Generated by org.testng.reporters.JUnitReportReporter -->
<testsuite skipped="0" hostname="senthil-PC" name="testCases.DragTC_001" tests="1" failures="0" timestamp="2020-12-06T16:57:13 IST" time="6.016" errors="0">
  <testcase name="execDragFunc" time="6.016" classname="testCases.DragTC_001"/>
  <system-out/>
</testsuite> <!-- testCases.DragTC_001 -->
