<?xml version="1.0" encoding="UTF-8"?>
<!-- Generated by org.testng.reporters.JUnitReportReporter -->
<testsuite skipped="0" hostname="senthil-PC" name="testCases.DropTC_002" tests="1" failures="0" timestamp="2020-12-06T16:57:13 IST" time="10.086" errors="0">
  <testcase name="execDropFunc" time="10.086" classname="testCases.DropTC_002"/>
  <system-out/>
</testsuite> <!-- testCases.DropTC_002 -->
