<?xml version="1.0" encoding="UTF-8"?>
<!-- Generated by org.testng.reporters.JUnitReportReporter -->
<testsuite skipped="0" hostname="senthil-PC" name="testCases.SelectableTC_004" tests="1" failures="0" timestamp="2020-12-06T18:47:17 IST" time="11.059" errors="0">
  <testcase name="execDropFunc" time="11.059" classname="testCases.SelectableTC_004"/>
  <system-out/>
</testsuite> <!-- testCases.SelectableTC_004 -->
